<t:root xmlns:t="test" xmlns:xsi="http://www.w3.org/2001/XMLSchema-instance">

  <t:any><x>abc</x>junk<y>123</y></t:any>
  <t:base ><a>123</a><b>abc</b></t:base>
  <t:any xsi:type="t:derived"><a>123</a><b>abc</b><c>9</c><c>8</c><c>7</c></t:any>

</t:root>
