<t:root xmlns:t="test"
        xmlns:xsi="http://www.w3.org/2001/XMLSchema-instance"
        xsi:schemaLocation="test test.xsd">

  <restriction-a z="2">
    <a>3</a>
    <b>4</b>
    <c>5</c>
  </restriction-a>

  <restriction-a x="0" y="1" z="2">
    <a>3</a>
    <b>4</b>
    <c>5</c>
  </restriction-a>

  <restriction-b y="1">
    <a>3</a>
    <b>4</b>
  </restriction-b>

  <restriction-b y="1">
    <a>3</a>
    <c>5</c>
  </restriction-b>

  <restriction-b x="0" y="1">
    <a>3</a>
  </restriction-b>

</t:root>
