<t:root xmlns:t="test"
        xmlns:xsi="http://www.w3.org/2001/XMLSchema-instance"
        xsi:schemaLocation="test test.xsd">

  <!-- valid base but not restriction: sequence maxOccurs="1" -->
  <restriction-a z="2">
    <a>3</a>
    <b>4</b>
    <c>5</c>

    <a>3</a>
    <b>4</b>
    <c>5</c>
  </restriction-a>

</t:root>
